[2025-05-22T20:15:41.889Z] ACTION: 🤖 Бот запущен. Активных админов: 1
[2025-05-22T20:23:01.608Z] ACTION: 🤖 Бот запущен. Активных админов: 1
[2025-05-22T20:24:24.736Z] ACTION: Уведомление о заказе #5 отправлено 0 админам
[2025-05-22T20:59:32.028Z] ACTION: 🤖 Бот запущен. Активных админов: 1
[2025-05-22T21:00:02.057Z] ACTION: 🤖 Бот запущен. Активных админов: 1
[2025-05-22T21:00:02.074Z] ACTION: Бот уже запущен
[2025-05-22T21:01:20.059Z] ACTION: Уведомление о заказе #6 отправлено 0 админам
[2025-05-23T17:14:49.758Z] ACTION: 🤖 Бот запущен. Активных админов: 1
[2025-05-23T17:14:49.776Z] ACTION: Бот уже запущен
[2025-05-23T17:15:12.727Z] ACTION: 🤖 Бот запущен. Активных админов: 1
[2025-05-23T17:15:12.743Z] ACTION: Бот уже запущен
[2025-05-23T17:15:29.010Z] ACTION: Уведомление о заказе #13 отправлено 0 админам
[2025-05-23T17:17:21.272Z] ACTION: Загружено 1 администраторов из файла
[2025-05-23T17:17:21.279Z] ACTION: Меню бота настроено
[2025-05-23T17:17:21.279Z] ACTION: 🤖 Бот запущен. Активных админов: 1
[2025-05-23T17:17:21.296Z] ACTION: Бот уже запущен
[2025-05-23T17:17:55.674Z] ACTION: Уведомление отправлено админу 1931552924
[2025-05-23T17:17:55.675Z] ACTION: Уведомление о заказе #14 отправлено 1 из 1 админам
[2025-05-24T16:00:18.417Z] ACTION: Загружено 1 администраторов из файла
[2025-05-24T16:00:18.425Z] ACTION: Меню бота настроено
[2025-05-24T16:00:18.425Z] ACTION: 🤖 Бот запущен. Активных админов: 1
[2025-05-24T16:00:18.439Z] ACTION: Бот уже запущен
[2025-05-24T16:00:57.192Z] ACTION: Уведомление отправлено админу 1931552924
[2025-05-24T16:00:57.193Z] ACTION: Уведомление о заказе #15 отправлено 1 из 1 админам
[2025-05-24T16:01:07.093Z] ACTION: Админ 1931552924 выполнил заказ #15
[2025-05-24T16:04:01.595Z] ACTION: Уведомление отправлено админу 1931552924
[2025-05-24T16:04:01.596Z] ACTION: Уведомление о заказе #16 отправлено 1 из 1 админам
[2025-05-24T16:04:07.612Z] ACTION: Админ 1931552924 выполнил заказ #16
[2025-05-24T16:10:17.164Z] ACTION: Загружено 1 администраторов из файла
[2025-05-24T16:10:17.167Z] ACTION: Меню бота настроено
[2025-05-24T16:10:17.167Z] ACTION: 🤖 Бот запущен. Активных админов: 1
[2025-05-24T16:17:37.177Z] ACTION: Загружено 1 администраторов из файла
[2025-05-24T16:17:37.179Z] ACTION: Меню бота настроено
[2025-05-24T16:17:37.180Z] ACTION: 🤖 Бот запущен. Активных админов: 1
[2025-05-24T16:18:08.485Z] ACTION: Уведомление отправлено админу 1931552924
[2025-05-24T16:18:08.486Z] ACTION: Уведомление о заказе #17 отправлено 1 из 1 админам
[2025-05-24T16:18:18.208Z] ACTION: Админ @hatemyselfX1 (1931552924) выполнил заказ #17 в 24 мая 2025 г. в 19:18
[2025-05-24T17:29:45.820Z] ACTION: Загружено 1 администраторов из файла
[2025-05-24T17:29:45.823Z] ACTION: Меню бота настроено
[2025-05-24T17:29:45.823Z] ACTION: 🤖 Бот запущен. Активных админов: 1
[2025-05-24T17:34:00.523Z] ACTION: Загружено 1 администраторов из файла
[2025-05-24T17:34:00.526Z] ACTION: Меню бота настроено
[2025-05-24T17:34:00.526Z] ACTION: 🤖 Бот запущен. Активных админов: 1
[2025-05-24T17:39:11.027Z] ACTION: Уведомление отправлено админу 1931552924
[2025-05-24T17:39:11.027Z] ACTION: Уведомление о заказе #18 отправлено 1 из 1 админам
[2025-05-24T17:40:18.900Z] ACTION: Уведомление отправлено админу 1931552924
[2025-05-24T17:40:18.900Z] ACTION: Уведомление о заказе #19 отправлено 1 из 1 админам
[2025-05-24T18:04:44.688Z] ACTION: Админ @hatemyselfX1 (1931552924) выполнил заказ #19 в 24 мая 2025 г. в 21:04
[2025-05-24T18:18:23.724Z] ACTION: Загружено 1 администраторов из файла
[2025-05-24T18:18:23.726Z] ACTION: Меню бота настроено
[2025-05-24T18:18:23.727Z] ACTION: 🤖 Бот запущен. Активных админов: 1
[2025-05-24T18:33:25.650Z] ACTION: Загружено 1 администраторов из файла
[2025-05-24T18:33:25.652Z] ACTION: Меню бота настроено
[2025-05-24T18:33:25.653Z] ACTION: 🤖 Бот запущен. Активных админов: 1
[2025-05-24T19:29:39.945Z] ACTION: Загружено 1 администраторов из файла
[2025-05-24T19:29:39.947Z] ACTION: Меню бота настроено
[2025-05-24T19:29:39.948Z] ACTION: 🤖 Бот запущен. Активных админов: 1
[2025-05-24T19:42:02.249Z] ACTION: Загружено 1 администраторов из файла
[2025-05-24T19:42:02.251Z] ACTION: Меню бота настроено
[2025-05-24T19:42:02.252Z] ACTION: 🤖 Бот запущен. Активных админов: 1
[2025-05-24T20:10:30.651Z] ACTION: Загружено 1 администраторов из файла
[2025-05-24T20:10:30.656Z] ACTION: Меню бота настроено
[2025-05-24T20:10:30.657Z] ACTION: 🤖 Бот запущен. Активных админов: 1
[2025-05-24T20:40:35.940Z] ACTION: Загружено 1 администраторов из файла
[2025-05-24T20:40:35.943Z] ACTION: Меню бота настроено
[2025-05-24T20:40:35.943Z] ACTION: 🤖 Бот запущен. Активных админов: 1
[2025-05-25T11:09:05.779Z] ACTION: Загружено 1 администраторов из файла
[2025-05-25T11:09:05.782Z] ACTION: Меню бота настроено
[2025-05-25T11:09:05.782Z] ACTION: 🤖 Бот запущен. Активных админов: 1
[2025-05-25T11:48:08.896Z] ACTION: Загружено 1 администраторов из файла
[2025-05-25T11:48:08.899Z] ACTION: Меню бота настроено
[2025-05-25T11:48:08.899Z] ACTION: 🤖 Бот запущен. Активных админов: 1
[2025-05-25T12:15:14.132Z] ACTION: Загружено 1 администраторов из файла
[2025-05-25T12:15:14.135Z] ACTION: Меню бота настроено
[2025-05-25T12:15:14.135Z] ACTION: 🤖 Бот запущен. Активных админов: 1
[2025-05-25T12:15:49.473Z] ACTION: Бот завершает работу...
[2025-05-25T12:22:37.634Z] ACTION: Загружено 1 администраторов из файла
[2025-05-25T12:22:37.637Z] ACTION: Меню бота настроено
[2025-05-25T12:22:37.637Z] ACTION: 🤖 Бот запущен. Активных админов: 1
[2025-05-25T12:43:03.232Z] ACTION: Загружено 1 администраторов из файла
[2025-05-25T12:43:03.235Z] ACTION: Меню бота настроено
[2025-05-25T12:43:03.236Z] ACTION: 🤖 Бот запущен. Активных админов: 1
[2025-05-25T12:57:13.977Z] ACTION: Загружено 1 администраторов из файла
[2025-05-25T12:57:13.981Z] ACTION: Меню бота настроено
[2025-05-25T12:57:13.981Z] ACTION: 🤖 Бот запущен. Активных админов: 1
[2025-05-25T12:59:13.002Z] ACTION: Загружено 1 администраторов из файла
[2025-05-25T12:59:13.004Z] ACTION: Меню бота настроено
[2025-05-25T12:59:13.004Z] ACTION: 🤖 Бот запущен. Активных админов: 1
[2025-05-25T13:18:09.471Z] ACTION: Загружено 1 администраторов из файла
[2025-05-25T13:18:09.474Z] ACTION: Меню бота настроено
[2025-05-25T13:18:09.475Z] ACTION: 🤖 Бот запущен. Активных админов: 1
[2025-05-25T13:42:44.453Z] ACTION: Уведомление отправлено админу 1931552924
[2025-05-25T13:42:44.454Z] ACTION: Уведомление о заказе #20 отправлено 1 из 1 админам
[2025-05-25T13:43:01.931Z] ACTION: Админ @hatemyselfX1 (1931552924) выполнил заказ #20 в 25 мая 2025 г. в 16:43
